Build started 12/3/2023 1:12:37 PM.
     1>Project "C:\Users\jahis\Documents\2021_files\semester_7\video_game_programming\asteroids\SimpleMenus\Sources\PC\SimpleMenusPCVS2013.vcxproj" on node 2 (Build target(s)).
     1>C:\Program Files (x86)\MSBuild\Microsoft\VisualStudio\v12.0\CodeAnalysis\Microsoft.CodeAnalysis.targets(214,5): error MSB4175: The task factory "CodeTaskFactory" could not be loaded from the assembly "C:\Program Files (x86)\MSBuild\12.0\bin\Microsoft.Build.Tasks.v12.0.dll". Cannot execute a program. The command being executed was "C:\Windows\Microsoft.NET\Framework\v4.0.30319\csc.exe" /noconfig /fullpaths @"C:\Users\jahis\AppData\Local\Temp\eo5g30f2.cmdline".
     1>Done Building Project "C:\Users\jahis\Documents\2021_files\semester_7\video_game_programming\asteroids\SimpleMenus\Sources\PC\SimpleMenusPCVS2013.vcxproj" (Build target(s)) -- FAILED.

Build FAILED.

Time Elapsed 00:00:00.09
